<?xml version="1.0" encoding="UTF-8"?>
<testng-results ignored="0" total="1" passed="1" failed="0" skipped="0">
  <reporter-output>
  </reporter-output>
  <suite started-at="2025-08-21T16:29:29 IST" name="Default suite" finished-at="2025-08-21T16:29:38 IST" duration-ms="8397">
    <groups>
    </groups>
    <test started-at="2025-08-21T16:29:29 IST" name="Default test" finished-at="2025-08-21T16:29:38 IST" duration-ms="8397">
      <class name="Selenium_TestNG.Lab12_TutorialsNinjaRegisterTest">
        <test-method is-config="true" signature="setup()[pri:0, instance:Selenium_TestNG.Lab12_TutorialsNinjaRegisterTest@49438269]" started-at="2025-08-21T16:29:29 IST" name="setup" finished-at="2025-08-21T16:29:35 IST" duration-ms="5409" status="PASS">
          <reporter-output>
          </reporter-output>
        </test-method> <!-- setup -->
        <test-method signature="registerNewUser()[pri:0, instance:Selenium_TestNG.Lab12_TutorialsNinjaRegisterTest@49438269]" started-at="2025-08-21T16:29:35 IST" name="registerNewUser" finished-at="2025-08-21T16:29:37 IST" duration-ms="2681" status="PASS">
          <reporter-output>
          </reporter-output>
        </test-method> <!-- registerNewUser -->
        <test-method is-config="true" signature="teardown()[pri:0, instance:Selenium_TestNG.Lab12_TutorialsNinjaRegisterTest@49438269]" started-at="2025-08-21T16:29:37 IST" name="teardown" finished-at="2025-08-21T16:29:38 IST" duration-ms="243" status="PASS">
          <reporter-output>
          </reporter-output>
        </test-method> <!-- teardown -->
      </class> <!-- Selenium_TestNG.Lab12_TutorialsNinjaRegisterTest -->
    </test> <!-- Default test -->
  </suite> <!-- Default suite -->
</testng-results>
